# JRE version: Java(TM) SE Runtime Environment (17.0.7+8) (build 17.0.7+8-LTS-224)
# Java VM: Java HotSpot(TM) 64-Bit Server VM (17.0.7+8-LTS-224, mixed mode, sharing, tiered, compressed oops, compressed class ptrs, g1 gc, windows-amd64)
GC Precious Log:
 CPUs: 8 total, 8 available
 Memory: 8020M
 Large Page Support: Disabled
 NUMA Support: Disabled
 Compressed Oops: Enabled (32-bit)
 Heap Region Size: 1M
 Heap Min Capacity: 256M
 Heap Initial Capacity: 256M
 Heap Max Capacity: 512M
 Pre-touch: Disabled
 Parallel Workers: 8
 Concurrent Workers: 2
 Concurrent Refinement Workers: 8
 Periodic GC: Disabled
Heap:
 garbage-first heap   total 262144K, used 93165K [0x00000000e0000000, 0x0000000100000000)
  region size 1024K, 21 young (21504K), 9 survivors (9216K)
 Metaspace       used 44236K, committed 44672K, reserved 356352K
  class space    used 6102K, committed 6272K, reserved 315392K
GC Heap History (20 events):
Event: 10.729 GC heap before
{Heap before GC invocations=17 (full 0):
 garbage-first heap   total 262144K, used 223505K [0x00000000e0000000, 0x0000000100000000)
  region size 1024K, 150 young (153600K), 10 survivors (10240K)
 Metaspace       used 43768K, committed 44224K, reserved 356352K
  class space    used 6051K, committed 6272K, reserved 315392K
}
Event: 10.734 GC heap after
{Heap after GC invocations=18 (full 0):
 garbage-first heap   total 262144K, used 81199K [0x00000000e0000000, 0x0000000100000000)
  region size 1024K, 11 young (11264K), 11 survivors (11264K)
 Metaspace       used 43768K, committed 44224K, reserved 356352K
  class space    used 6051K, committed 6272K, reserved 315392K
}
Event: 11.302 GC heap before
{Heap before GC invocations=18 (full 0):
 garbage-first heap   total 262144K, used 222511K [0x00000000e0000000, 0x0000000100000000)
  region size 1024K, 149 young (152576K), 11 survivors (11264K)
 Metaspace       used 43984K, committed 44416K, reserved 356352K
  class space    used 6066K, committed 6272K, reserved 315392K
}
Event: 11.306 GC heap after
{Heap after GC invocations=19 (full 0):
 garbage-first heap   total 262144K, used 72802K [0x00000000e0000000, 0x0000000100000000)
  region size 1024K, 3 young (3072K), 3 survivors (3072K)
 Metaspace       used 43984K, committed 44416K, reserved 356352K
  class space    used 6066K, committed 6272K, reserved 315392K
}
Event: 11.576 GC heap before
{Heap before GC invocations=19 (full 0):
 garbage-first heap   total 262144K, used 228450K [0x00000000e0000000, 0x0000000100000000)
  region size 1024K, 153 young (156672K), 3 survivors (3072K)
 Metaspace       used 44218K, committed 44608K, reserved 356352K
  class space    used 6102K, committed 6272K, reserved 315392K
}
Event: 11.579 GC heap after
{Heap after GC invocations=20 (full 0):
 garbage-first heap   total 262144K, used 77777K [0x00000000e0000000, 0x0000000100000000)
  region size 1024K, 5 young (5120K), 5 survivors (5120K)
 Metaspace       used 44218K, committed 44608K, reserved 356352K
  class space    used 6102K, committed 6272K, reserved 315392K
}
Event: 11.743 GC heap before
{Heap before GC invocations=20 (full 0):
 garbage-first heap   total 262144K, used 226257K [0x00000000e0000000, 0x0000000100000000)
  region size 1024K, 150 young (153600K), 5 survivors (5120K)
 Metaspace       used 44220K, committed 44608K, reserved 356352K
  class space    used 6102K, committed 6272K, reserved 315392K
}
Event: 11.746 GC heap after
{Heap after GC invocations=21 (full 0):
 garbage-first heap   total 262144K, used 79234K [0x00000000e0000000, 0x0000000100000000)
  region size 1024K, 7 young (7168K), 7 survivors (7168K)
 Metaspace       used 44220K, committed 44608K, reserved 356352K
  class space    used 6102K, committed 6272K, reserved 315392K
}
Event: 11.929 GC heap before
{Heap before GC invocations=21 (full 0):
 garbage-first heap   total 262144K, used 225666K [0x00000000e0000000, 0x0000000100000000)
  region size 1024K, 150 young (153600K), 7 survivors (7168K)
 Metaspace       used 44222K, committed 44672K, reserved 356352K
  class space    used 6102K, committed 6272K, reserved 315392K
}
Event: 11.932 GC heap after
{Heap after GC invocations=22 (full 0):
 garbage-first heap   total 262144K, used 73480K [0x00000000e0000000, 0x0000000100000000)
  region size 1024K, 4 young (4096K), 4 survivors (4096K)
 Metaspace       used 44222K, committed 44672K, reserved 356352K
  class space    used 6102K, committed 6272K, reserved 315392K
}
Event: 12.315 GC heap before
{Heap before GC invocations=22 (full 0):
 garbage-first heap   total 262144K, used 229128K [0x00000000e0000000, 0x0000000100000000)
  region size 1024K, 153 young (156672K), 4 survivors (4096K)
 Metaspace       used 44224K, committed 44672K, reserved 356352K
  class space    used 6102K, committed 6272K, reserved 315392K
}
Event: 12.318 GC heap after
{Heap after GC invocations=23 (full 0):
 garbage-first heap   total 262144K, used 77168K [0x00000000e0000000, 0x0000000100000000)
  region size 1024K, 5 young (5120K), 5 survivors (5120K)
 Metaspace       used 44224K, committed 44672K, reserved 356352K
  class space    used 6102K, committed 6272K, reserved 315392K
}
Event: 12.691 GC heap before
{Heap before GC invocations=23 (full 0):
 garbage-first heap   total 262144K, used 227696K [0x00000000e0000000, 0x0000000100000000)
  region size 1024K, 152 young (155648K), 5 survivors (5120K)
 Metaspace       used 44225K, committed 44672K, reserved 356352K
  class space    used 6102K, committed 6272K, reserved 315392K
}
Event: 12.694 GC heap after
{Heap after GC invocations=24 (full 0):
 garbage-first heap   total 262144K, used 77968K [0x00000000e0000000, 0x0000000100000000)
  region size 1024K, 5 young (5120K), 5 survivors (5120K)
 Metaspace       used 44225K, committed 44672K, reserved 356352K
  class space    used 6102K, committed 6272K, reserved 315392K
}
Event: 13.075 GC heap before
{Heap before GC invocations=24 (full 0):
 garbage-first heap   total 262144K, used 228496K [0x00000000e0000000, 0x0000000100000000)
  region size 1024K, 152 young (155648K), 5 survivors (5120K)
 Metaspace       used 44226K, committed 44672K, reserved 356352K
  class space    used 6102K, committed 6272K, reserved 315392K
}
Event: 13.079 GC heap after
{Heap after GC invocations=25 (full 0):
 garbage-first heap   total 262144K, used 79154K [0x00000000e0000000, 0x0000000100000000)
  region size 1024K, 7 young (7168K), 7 survivors (7168K)
 Metaspace       used 44226K, committed 44672K, reserved 356352K
  class space    used 6102K, committed 6272K, reserved 315392K
}
Event: 13.473 GC heap before
{Heap before GC invocations=25 (full 0):
 garbage-first heap   total 262144K, used 226610K [0x00000000e0000000, 0x0000000100000000)
  region size 1024K, 151 young (154624K), 7 survivors (7168K)
 Metaspace       used 44234K, committed 44672K, reserved 356352K
  class space    used 6102K, committed 6272K, reserved 315392K
}
Event: 13.476 GC heap after
{Heap after GC invocations=26 (full 0):
 garbage-first heap   total 262144K, used 80335K [0x00000000e0000000, 0x0000000100000000)
  region size 1024K, 8 young (8192K), 8 survivors (8192K)
 Metaspace       used 44234K, committed 44672K, reserved 356352K
  class space    used 6102K, committed 6272K, reserved 315392K
}
Event: 13.812 GC heap before
{Heap before GC invocations=26 (full 0):
 garbage-first heap   total 262144K, used 225743K [0x00000000e0000000, 0x0000000100000000)
  region size 1024K, 150 young (153600K), 8 survivors (8192K)
 Metaspace       used 44236K, committed 44672K, reserved 356352K
  class space    used 6102K, committed 6272K, reserved 315392K
}
Event: 13.818 GC heap after
{Heap after GC invocations=27 (full 0):
 garbage-first heap   total 262144K, used 81901K [0x00000000e0000000, 0x0000000100000000)
  region size 1024K, 9 young (9216K), 9 survivors (9216K)
 Metaspace       used 44236K, committed 44672K, reserved 356352K
  class space    used 6102K, committed 6272K, reserved 315392K
}

